<?xml version="1.0" encoding="UTF-8"?>
<testsuite name="uj.wmii.pwj.spreadsheet.SpreadsheetTest" tests="6" skipped="0" failures="0" errors="0" timestamp="2024-10-12T19:11:30" hostname="LAPTOP-M5N62B2M" time="0.216">
  <properties/>
  <testcase name="1: example" classname="uj.wmii.pwj.spreadsheet.SpreadsheetTest" time="0.146"/>
  <testcase name="2: numbers" classname="uj.wmii.pwj.spreadsheet.SpreadsheetTest" time="0.004"/>
  <testcase name="3: two-timer" classname="uj.wmii.pwj.spreadsheet.SpreadsheetTest" time="0.004"/>
  <testcase name="4: walker" classname="uj.wmii.pwj.spreadsheet.SpreadsheetTest" time="0.033"/>
  <testcase name="5: ops" classname="uj.wmii.pwj.spreadsheet.SpreadsheetTest" time="0.002"/>
  <testcase name="6: ref2expr" classname="uj.wmii.pwj.spreadsheet.SpreadsheetTest" time="0.004"/>
  <system-out><![CDATA[]]></system-out>
  <system-err><![CDATA[]]></system-err>
</testsuite>
